<?xml version="1.0" encoding="utf-8" standalone="no"?>
<!--This file represents the results of running a test suite-->
<test-results name="G:\C#_Development\Professional_Test_Driven_Development_with_CSharp\OSIM\OSIM\OSIM.UnitTests\bin\Debug\OSIM.UnitTests.dll" total="2" errors="0" failures="0" not-run="0" inconclusive="0" ignored="0" skipped="0" invalid="0" date="2012-01-11" time="12:26:43">
  <environment nunit-version="2.5.10.11092" clr-version="2.0.50727.5448" os-version="Microsoft Windows NT 6.1.7601 Service Pack 1" platform="Win32NT" cwd="D:\Program Files (x86)\NUnit 2.5.10\bin\net-2.0" machine-name="WORK" user="andre" user-domain="Work" />
  <culture-info current-culture="en-US" current-uiculture="en-US" />
  <test-suite type="Assembly" name="G:\C#_Development\Professional_Test_Driven_Development_with_CSharp\OSIM\OSIM\OSIM.UnitTests\bin\Debug\OSIM.UnitTests.dll" executed="True" result="Success" success="True" time="0.674" asserts="0">
    <results>
      <test-suite type="Namespace" name="OSIM" executed="True" result="Success" success="True" time="0.664" asserts="0">
        <results>
          <test-suite type="Namespace" name="UnitTests" executed="True" result="Success" success="True" time="0.664" asserts="0">
            <results>
              <test-suite type="Namespace" name="OSIM" executed="True" result="Success" success="True" time="0.661" asserts="0">
                <results>
                  <test-suite type="Namespace" name="Core" executed="True" result="Success" success="True" time="0.661" asserts="0">
                    <results>
                      <test-suite type="TestFixture" name="and_saving_a_valid_item_type" executed="True" result="Success" success="True" time="0.652" asserts="0">
                        <results>
                          <test-case name="OSIM.UnitTests.OSIM.Core.and_saving_a_valid_item_type.then_a_valid_item_type_id_should_be_returned" executed="True" result="Success" success="True" time="0.024" asserts="1" />
                        </results>
                      </test-suite>
                      <test-suite type="TestFixture" name="and_saving_an_invalid_item_type" executed="True" result="Success" success="True" time="0.004" asserts="0">
                        <results>
                          <test-case name="OSIM.UnitTests.OSIM.Core.and_saving_an_invalid_item_type.then_an_argument_null_exception_should_be_raised" executed="True" result="Success" success="True" time="0.000" asserts="1" />
                        </results>
                      </test-suite>
                      <test-suite type="TestFixture" name="when_working_with_the_item_type_repository" executed="True" result="Inconclusive" success="False" time="0.001" asserts="0" />
                    </results>
                  </test-suite>
                </results>
              </test-suite>
              <test-suite type="TestFixture" name="Specification" executed="True" result="Inconclusive" success="False" time="0.001" asserts="0" />
            </results>
          </test-suite>
        </results>
      </test-suite>
    </results>
  </test-suite>
</test-results>